C51 COMPILER V9.54   AT2402                                                                06/19/2026 11:02:51 PAGE 1   


C51 COMPILER V9.54, COMPILATION OF MODULE AT2402
OBJECT MODULE PLACED IN .\Objects\AT2402.obj
COMPILER INVOKED BY: D:\k5\C51\BIN\C51.EXE AT2402.c OPTIMIZE(8,SPEED) BROWSE DEBUG OBJECTEXTEND PRINT(.\Listings\AT2402.
                    -lst) TABS(2) OBJECT(.\Objects\AT2402.obj)

line level    source

   1          #include <REGX52.H>
   2          #include "I2C.h"
   3          #define AT24C02_ADDRESS 0xA0
   4          void AT24C02_WriteByte(unsigned char WordAddress,Data)
   5          {
   6   1        I2C_Start();
   7   1        I2C_SendByte(AT24C02_ADDRESS);
   8   1        I2C_ReceiveAck();
   9   1        I2C_SendByte(WordAddress);
  10   1        I2C_ReceiveAck();
  11   1        I2C_SendByte(Data);
  12   1        I2C_ReceiveAck();
  13   1        I2C_Stop();
  14   1      }
  15          
  16          unsigned char AT24C02_ReadByte(unsigned char WordAddress)
  17          {
  18   1        unsigned char Data;
  19   1        I2C_Start();
  20   1        I2C_SendByte(AT24C02_ADDRESS);
  21   1        I2C_ReceiveAck();
  22   1        I2C_SendByte(WordAddress);
  23   1        I2C_ReceiveAck();
  24   1        I2C_Start();
  25   1        I2C_SendByte(AT24C02_ADDRESS|0x01);
  26   1        I2C_ReceiveAck();
  27   1        Data=I2C_ReceiveByte();
  28   1        I2C_SendAck(1);
  29   1        I2C_Stop();
  30   1        return Data;
  31   1      }


MODULE INFORMATION:   STATIC OVERLAYABLE
   CODE SIZE        =     84    ----
   CONSTANT SIZE    =   ----    ----
   XDATA SIZE       =   ----    ----
   PDATA SIZE       =   ----    ----
   DATA SIZE        =   ----       5
   IDATA SIZE       =   ----    ----
   BIT SIZE         =   ----    ----
END OF MODULE INFORMATION.


C51 COMPILATION COMPLETE.  0 WARNING(S),  0 ERROR(S)
