C51 COMPILER V9.54   MAIN                                                                  06/19/2026 11:04:28 PAGE 1   


C51 COMPILER V9.54, COMPILATION OF MODULE MAIN
OBJECT MODULE PLACED IN .\Objects\main.obj
COMPILER INVOKED BY: D:\k5\C51\BIN\C51.EXE main.c OPTIMIZE(8,SPEED) BROWSE DEBUG OBJECTEXTEND PRINT(.\Listings\main.lst)
                    - TABS(2) OBJECT(.\Objects\main.obj)

line level    source

   1          #include <REGX52.H>
   2          #include "LCD1602.h"
   3          #include "Key.h"
   4          #include "AT2402.h"
   5          #include "Delay.h"
   6          
   7          unsigned char Data,KeyNum,Num;
   8          
   9          void main()
  10          {
  11   1        LCD_Init();
  12   1        LCD_ShowNum(1,1,Num,5);
  13   1         while(1)
  14   1         {
  15   2           KeyNum = Key();
  16   2           if(KeyNum == 1)
  17   2           {
  18   3             Num++;
  19   3             LCD_ShowNum(1,1,Num,5);
  20   3           }
  21   2           if(KeyNum==2)
  22   2           {
  23   3             Num--;
  24   3             LCD_ShowNum(1,1,Num,5);
  25   3           }
  26   2           if(KeyNum==3)
  27   2           {
  28   3             AT24C02_WriteByte(0,Num%256);
  29   3             Delay(5);
  30   3             AT24C02_WriteByte(1,Num/256);
  31   3             LCD_ShowString(2,1,"Write OK");
  32   3             Delay(1000);
  33   3             LCD_ShowString(2,1,"        ");
  34   3           }
  35   2           if(KeyNum==4)
  36   2           {
  37   3             Num = AT24C02_ReadByte(0);
  38   3             Num|= AT24C02_ReadByte(1)<<8;
  39   3             LCD_ShowNum(1,1,Num,5);
  40   3             LCD_ShowString(2,1,"Read OK");
  41   3             Delay(1000);
  42   3             LCD_ShowString(2,1,"        ");
  43   3           }
  44   2         }
  45   1      }


MODULE INFORMATION:   STATIC OVERLAYABLE
   CODE SIZE        =    197    ----
   CONSTANT SIZE    =     26    ----
   XDATA SIZE       =   ----    ----
   PDATA SIZE       =   ----    ----
   DATA SIZE        =      3    ----
   IDATA SIZE       =   ----    ----
C51 COMPILER V9.54   MAIN                                                                  06/19/2026 11:04:28 PAGE 2   

   BIT SIZE         =   ----    ----
END OF MODULE INFORMATION.


C51 COMPILATION COMPLETE.  0 WARNING(S),  0 ERROR(S)
