C51 COMPILER V9.54   MAIN                                                                  06/15/2026 21:00:32 PAGE 1   


C51 COMPILER V9.54, COMPILATION OF MODULE MAIN
OBJECT MODULE PLACED IN .\Objects\main.obj
COMPILER INVOKED BY: D:\k5\C51\BIN\C51.EXE main.c OPTIMIZE(8,SPEED) BROWSE DEBUG OBJECTEXTEND PRINT(.\Listings\main.lst)
                    - TABS(2) OBJECT(.\Objects\main.obj)

line level    source

   1          #include <REGX52.H>
   2          #include "Delay.h"
   3          #include "UART.h"
*** WARNING C323 IN LINE 1 OF UART.h: newline expected, extra characters found
   4          
   5          unsigned char Sec;
   6          
   7          void main()
   8          {
   9   1         UART_Init();
  10   1         
  11   1         while(1)
  12   1         {
  13   2           UART_SendByte(Sec);
  14   2           Sec++;
  15   2           Delay(1000);
  16   2         }
  17   1      }


MODULE INFORMATION:   STATIC OVERLAYABLE
   CODE SIZE        =     19    ----
   CONSTANT SIZE    =   ----    ----
   XDATA SIZE       =   ----    ----
   PDATA SIZE       =   ----    ----
   DATA SIZE        =      1    ----
   IDATA SIZE       =   ----    ----
   BIT SIZE         =   ----    ----
END OF MODULE INFORMATION.


C51 COMPILATION COMPLETE.  1 WARNING(S),  0 ERROR(S)
