C51 COMPILER V9.54   UART                                                                  06/15/2026 21:00:32 PAGE 1   


C51 COMPILER V9.54, COMPILATION OF MODULE UART
OBJECT MODULE PLACED IN .\Objects\UART.obj
COMPILER INVOKED BY: D:\k5\C51\BIN\C51.EXE UART.c OPTIMIZE(8,SPEED) BROWSE DEBUG OBJECTEXTEND PRINT(.\Listings\UART.lst)
                    - TABS(2) OBJECT(.\Objects\UART.obj)

line level    source

   1          #include <REGX52.H>
   2          
   3          
   4          void UART_Init()
   5          {
   6   1        SCON=0x40;
   7   1        PCON |=0x80;
   8   1      
   9   1        TMOD &=  0x0F;
  10   1        TMOD |=   0x20;
  11   1        TL1 = 0xF3;   //设定定时初值
  12   1        TH1 = 0xF3;   //设定定时器重装值
  13   1        ET1 = 0;
  14   1        TR1 = 1;    //启动定时器1
  15   1      }
  16          
  17          void UART_SendByte(unsigned char Byte)
  18          {
  19   1        SBUF = Byte;
  20   1        while(TI == 0);
  21   1        TI=0;
  22   1      }


MODULE INFORMATION:   STATIC OVERLAYABLE
   CODE SIZE        =     31    ----
   CONSTANT SIZE    =   ----    ----
   XDATA SIZE       =   ----    ----
   PDATA SIZE       =   ----    ----
   DATA SIZE        =   ----    ----
   IDATA SIZE       =   ----    ----
   BIT SIZE         =   ----    ----
END OF MODULE INFORMATION.


C51 COMPILATION COMPLETE.  0 WARNING(S),  0 ERROR(S)
