C51 COMPILER V9.54   MAIN                                                                  06/14/2026 16:58:49 PAGE 1   


C51 COMPILER V9.54, COMPILATION OF MODULE MAIN
OBJECT MODULE PLACED IN .\Objects\main.obj
COMPILER INVOKED BY: D:\k5\C51\BIN\C51.EXE main.c OPTIMIZE(8,SPEED) BROWSE DEBUG OBJECTEXTEND PRINT(.\Listings\main.lst)
                    - TABS(2) OBJECT(.\Objects\main.obj)

line level    source

   1          #include <REGX52.H>
   2          #include "timer0.h"
   3          #include "Key.h"
   4          #include <INTRINS.H>
   5          #include "LCD1602.h"
   6          
   7          unsigned char Sec,Min,Hour;
   8          void main()
   9          {
  10   1        LCD_Init();
  11   1        Timer_Init();
  12   1        
  13   1        LCD_ShowString(1,1,"Clock:");
  14   1        LCD_ShowString(2,1,"  :  :");
  15   1        
  16   1        while(1)
  17   1        {
  18   2           LCD_ShowNum(2,1,Hour,2);
  19   2           LCD_ShowNum(2,4,Min,2);
  20   2           LCD_ShowNum(2,7,Sec,2);
  21   2        }
  22   1      }
  23          
  24          
  25          void Timer0_Routine() interrupt 1
  26          {
  27   1        static unsigned int Count;
  28   1        Count++;
  29   1        TH0 = 64535/256;
  30   1        TL0 = 64535%256;
  31   1        if (Count >= 1000)
  32   1        {
  33   2          Count=0;
  34   2          Sec++;
  35   2          if(Sec >=60)
  36   2          {
  37   3            Sec = 0;
  38   3            Min++;
  39   3            if(Min >= 60)
  40   3            {
  41   4              Min = 0;
  42   4              Hour++;
  43   4              if(Hour>=24)
  44   4              {
  45   5                Hour=0;
  46   5              }
  47   4            }
  48   3          }
  49   2        }
  50   1        
  51   1      }


MODULE INFORMATION:   STATIC OVERLAYABLE
C51 COMPILER V9.54   MAIN                                                                  06/14/2026 16:58:49 PAGE 2   

   CODE SIZE        =    152    ----
   CONSTANT SIZE    =     14    ----
   XDATA SIZE       =   ----    ----
   PDATA SIZE       =   ----    ----
   DATA SIZE        =      5    ----
   IDATA SIZE       =   ----    ----
   BIT SIZE         =   ----    ----
END OF MODULE INFORMATION.


C51 COMPILATION COMPLETE.  0 WARNING(S),  0 ERROR(S)
