C51 COMPILER V9.54   TIMER0                                                                06/14/2026 16:54:34 PAGE 1   


C51 COMPILER V9.54, COMPILATION OF MODULE TIMER0
OBJECT MODULE PLACED IN .\Objects\timer0.obj
COMPILER INVOKED BY: D:\k5\C51\BIN\C51.EXE timer0.c OPTIMIZE(8,SPEED) BROWSE DEBUG OBJECTEXTEND PRINT(.\Listings\timer0.
                    -lst) TABS(2) OBJECT(.\Objects\timer0.obj)

line level    source

   1          #include <REGX52.H>
   2          
   3          void Timer_Init()
   4          {
   5   1        // TMOD = 0X01; // 0000 0001
   6   1        TMOD = TMOD & 0xF0;
   7   1        TMOD = TMOD | 0x01;
   8   1        TF0 = 0;
   9   1        TR0 = 1;
  10   1        TH0 = 64535/256;
  11   1        TL0 = 64535%256;
  12   1        ET0 = 1;
  13   1        EA = 1;
  14   1        PT0 = 0;
  15   1      }


MODULE INFORMATION:   STATIC OVERLAYABLE
   CODE SIZE        =     23    ----
   CONSTANT SIZE    =   ----    ----
   XDATA SIZE       =   ----    ----
   PDATA SIZE       =   ----    ----
   DATA SIZE        =   ----    ----
   IDATA SIZE       =   ----    ----
   BIT SIZE         =   ----    ----
END OF MODULE INFORMATION.


C51 COMPILATION COMPLETE.  0 WARNING(S),  0 ERROR(S)
