C51 COMPILER V9.54   MAIN                                                                  06/16/2026 21:13:24 PAGE 1   


C51 COMPILER V9.54, COMPILATION OF MODULE MAIN
OBJECT MODULE PLACED IN .\Objects\main.obj
COMPILER INVOKED BY: D:\k5\C51\BIN\C51.EXE main.c OPTIMIZE(8,SPEED) BROWSE DEBUG OBJECTEXTEND PRINT(.\Listings\main.lst)
                    - TABS(2) OBJECT(.\Objects\main.obj)

line level    source

   1          #include <REGX52.H>
   2          #include "Delay.h"
   3          #include "MatrixLED.h"
   4          
   5          unsigned char Animation[]={
   6            0x00,0x00,0x00,0x00,0x00,0x00,0x00,0x00,
   7            0x3C,0x42,0xA9,0x85,0x85,0xA9,0x42,0x3C,
   8            0x3C,0x42,0xA1,0x85,0x85,0xA1,0x42,0x3C,
   9            0x3C,0x42,0xA5,0x89,0x89,0xA5,0x42,0x3C,
  10            0x00,0x00,0x00,0x00,0x00,0x00,0x00,0x00,
  11          };
  12          
  13          void main()
  14          {
  15   1        unsigned char i,Offset=3,Count=0;
  16   1         MatrixLED_Init();
  17   1         while(1)
  18   1         {
  19   2           for(i=0;i<8;i++)
  20   2           {
  21   3             MatrixLED_ShowColumn(i,Animation[i+Offset]);
  22   3           }
  23   2            Count++;
  24   2           if(Count > 10)
  25   2           {
  26   3               Count=0;
  27   3               Offset++;
  28   3             if (Offset > 40)
  29   3             {
  30   4               Offset=0;
  31   4             }
  32   3           }
  33   2         }
  34   1      }


MODULE INFORMATION:   STATIC OVERLAYABLE
   CODE SIZE        =     63    ----
   CONSTANT SIZE    =   ----    ----
   XDATA SIZE       =   ----    ----
   PDATA SIZE       =   ----    ----
   DATA SIZE        =     40       3
   IDATA SIZE       =   ----    ----
   BIT SIZE         =   ----    ----
END OF MODULE INFORMATION.


C51 COMPILATION COMPLETE.  0 WARNING(S),  0 ERROR(S)
