C51 COMPILER V9.54   KEY                                                                   06/19/2026 17:20:53 PAGE 1   


C51 COMPILER V9.54, COMPILATION OF MODULE KEY
OBJECT MODULE PLACED IN .\Objects\Key.obj
COMPILER INVOKED BY: D:\k5\C51\BIN\C51.EXE ..\AT24C02(2026-6-19)\Key.c OPTIMIZE(8,SPEED) BROWSE DEBUG OBJECTEXTEND PRINT
                    -(.\Listings\Key.lst) TABS(2) OBJECT(.\Objects\Key.obj)

line level    source

   1          #include <REGX52.H>
   2          #include "Delay.h"
   3          
   4          unsigned char Key_KeyNum;
   5          
   6          unsigned char Key(void)
   7          {
   8   1        unsigned char Temp=0;
   9   1        Temp=Key_KeyNum;
  10   1        Key_KeyNum=0;
  11   1        return Temp;
  12   1      }
  13          
  14          /**
  15            * @brief  获取独立按键键码
  16            * @param  无
  17            * @retval 按下按键的键码，范围：0~4，无按键按下时返回值为0
  18            */
  19          unsigned char Key_GetState()
  20          {
  21   1        unsigned char KeyNumber=0;
  22   1        
  23   1        if(P3_1==0){KeyNumber=1;}
  24   1        if(P3_0==0){KeyNumber=2;}
  25   1        if(P3_2==0){KeyNumber=3;}
  26   1        if(P3_3==0){KeyNumber=4;}
  27   1        
  28   1        return KeyNumber;
  29   1      }
  30          
  31          void Key_Loop(void)
  32          {
  33   1        static unsigned char NowState, LastState;
  34   1        LastState=NowState;
  35   1        NowState=Key_GetState();
  36   1        
  37   1        if(LastState==1 && NowState==0)
  38   1        {
  39   2          // 按键松手
  40   2          Key_KeyNum=1;
  41   2        }
  42   1        
  43   1        if(LastState==2 && NowState==0)
  44   1        {
  45   2          // 按键松手
  46   2          Key_KeyNum=2;
  47   2        }
  48   1        
  49   1        if(LastState==3 && NowState==0)
  50   1        {
  51   2          // 按键松手
  52   2          Key_KeyNum=3;
  53   2        }
  54   1        
C51 COMPILER V9.54   KEY                                                                   06/19/2026 17:20:53 PAGE 2   

  55   1        if(LastState==4 && NowState==0)
  56   1        {
  57   2          // 按键松手
  58   2          Key_KeyNum=4;
  59   2        }
  60   1      }


MODULE INFORMATION:   STATIC OVERLAYABLE
   CODE SIZE        =     85    ----
   CONSTANT SIZE    =   ----    ----
   XDATA SIZE       =   ----    ----
   PDATA SIZE       =   ----    ----
   DATA SIZE        =      3    ----
   IDATA SIZE       =   ----    ----
   BIT SIZE         =   ----    ----
END OF MODULE INFORMATION.


C51 COMPILATION COMPLETE.  0 WARNING(S),  0 ERROR(S)
