C51 COMPILER V9.54   MAIN                                                                  06/19/2026 17:36:41 PAGE 1   


C51 COMPILER V9.54, COMPILATION OF MODULE MAIN
OBJECT MODULE PLACED IN .\Objects\main.obj
COMPILER INVOKED BY: D:\k5\C51\BIN\C51.EXE main.c OPTIMIZE(8,SPEED) BROWSE DEBUG OBJECTEXTEND PRINT(.\Listings\main.lst)
                    - TABS(2) OBJECT(.\Objects\main.obj)

line level    source

   1          #include <REGX52.H>
   2          #include "Timer0.h"
   3          #include "Nixie.h"
   4          #include "Key.h"
*** WARNING C318 IN LINE 4 OF main.c: can't open file 'Key.h'
   5          #include "Delay.h"
*** WARNING C318 IN LINE 5 OF main.c: can't open file 'Delay.h'
   6          
   7          unsigned char KeyNum;
   8          unsigned char Min,Sec,MiniSec;
   9          
  10          void main()
  11          {
  12   1         Timer0_Init();
  13   1         while(1)
  14   1         {
  15   2           KeyNum = Key();
*** WARNING C206 IN LINE 15 OF main.c: 'Key': missing function-prototype
  16   2           if(KeyNum)
  17   2           {
  18   3             
  19   3           }
  20   2           Nixie_SetBuf(1,Min/10);
  21   2           Nixie_SetBuf(2,Min%10);
  22   2           Nixie_SetBuf(3,11);
  23   2           
  24   2           Nixie_SetBuf(4,Sec/10);
  25   2           Nixie_SetBuf(5,Sec%10);
  26   2           Nixie_SetBuf(6,11);
  27   2           
  28   2           Nixie_SetBuf(7,MiniSec/10);
  29   2           Nixie_SetBuf(8,MiniSec%10);
  30   2         }
  31   1      }
  32          
  33          void Sec_Loop(void)
  34          {
  35   1        MiniSec++;
  36   1        if(MiniSec >= 100)
  37   1        {
  38   2          MiniSec = 0;
  39   2          Sec++;
  40   2          if(Sec>=60)
  41   2          {
  42   3            Sec=0;
  43   3            Min++;
  44   3            if(Min>=60)
  45   3            {
  46   4              Min=0;
  47   4            }
  48   3          }
  49   2        }
  50   1      }
  51          
C51 COMPILER V9.54   MAIN                                                                  06/19/2026 17:36:41 PAGE 2   

  52          void Timer0_Routine() interrupt 1
  53          {
  54   1        static unsigned int T0Count1,T0Count2,T0Count3;
  55   1        TL0 = 0x18;   //设置定时初值
  56   1        TH0 = 0xFC;   //设置定时初值
  57   1        T0Count1++;
  58   1        if(T0Count1>=20)
  59   1        {
  60   2          T0Count1=0;
  61   2          Key_Loop();
*** WARNING C206 IN LINE 61 OF main.c: 'Key_Loop': missing function-prototype
  62   2        }
  63   1        T0Count2++;
  64   1        if(T0Count2>=2)
  65   1        {
  66   2          T0Count2=0;
  67   2          Nixie_Loop();
  68   2        }
  69   1        T0Count3++;
  70   1        if(T0Count3>10)
  71   1        {
  72   2          T0Count3=0;
  73   2          Sec_Loop();
  74   2        }
  75   1      }


MODULE INFORMATION:   STATIC OVERLAYABLE
   CODE SIZE        =    293    ----
   CONSTANT SIZE    =   ----    ----
   XDATA SIZE       =   ----    ----
   PDATA SIZE       =   ----    ----
   DATA SIZE        =     10    ----
   IDATA SIZE       =   ----    ----
   BIT SIZE         =   ----    ----
END OF MODULE INFORMATION.


C51 COMPILATION COMPLETE.  4 WARNING(S),  0 ERROR(S)
