C51 COMPILER V9.54   BUZZER                                                                06/18/2026 21:17:51 PAGE 1   


C51 COMPILER V9.54, COMPILATION OF MODULE BUZZER
OBJECT MODULE PLACED IN .\Objects\Buzzer.obj
COMPILER INVOKED BY: D:\k5\C51\BIN\C51.EXE Buzzer.c OPTIMIZE(8,SPEED) BROWSE DEBUG OBJECTEXTEND PRINT(.\Listings\Buzzer.
                    -lst) TABS(2) OBJECT(.\Objects\Buzzer.obj)

line level    source

   1          #include <REGX52.H>
   2          #include <INTRINS.H>
   3          
   4          sbit Buzzer=P2^5;
   5          
   6          void Delay500us()   //@12.000MHz
   7          {
   8   1        unsigned char i;
   9   1        _nop_();
  10   1        i = 247;
  11   1        while (--i);
  12   1      }
  13          
  14          
  15          void Buzzer_Time(unsigned int ms)
  16          {
  17   1        unsigned int i;
  18   1        for(i = 0; i<ms*2;i++)
  19   1        {
  20   2            Buzzer=!Buzzer;
  21   2            Delay500us();
  22   2        }
  23   1      }


MODULE INFORMATION:   STATIC OVERLAYABLE
   CODE SIZE        =     40    ----
   CONSTANT SIZE    =   ----    ----
   XDATA SIZE       =   ----    ----
   PDATA SIZE       =   ----    ----
   DATA SIZE        =   ----    ----
   IDATA SIZE       =   ----    ----
   BIT SIZE         =   ----    ----
END OF MODULE INFORMATION.


C51 COMPILATION COMPLETE.  0 WARNING(S),  0 ERROR(S)
