C51 COMPILER V9.54   MAIN                                                                  06/14/2026 16:46:29 PAGE 1   


C51 COMPILER V9.54, COMPILATION OF MODULE MAIN
OBJECT MODULE PLACED IN .\Objects\main.obj
COMPILER INVOKED BY: D:\k5\C51\BIN\C51.EXE main.c OPTIMIZE(8,SPEED) BROWSE DEBUG OBJECTEXTEND PRINT(.\Listings\main.lst)
                    - TABS(2) OBJECT(.\Objects\main.obj)

line level    source

   1          #include <REGX52.H>
   2          #include "timer0.h"
   3          #include "Key.h"
   4          #include <INTRINS.H>
   5          
   6          unsigned char KeyNum,LEDMode;
   7          
   8          void main()
   9          {
  10   1         P2=0xFE;
  11   1         Timer_Init();
  12   1         while(1)
  13   1         {
  14   2           KeyNum = Key();
  15   2           if(KeyNum)
  16   2           {
  17   3             if(KeyNum==1)
  18   3             {
  19   4               LEDMode++;
  20   4               if(LEDMode >= 2) LEDMode = 0;
  21   4             }
  22   3           }
  23   2         }
  24   1      }
  25          
  26          
  27          int Count;
  28          void Timer0_Routine() interrupt 1
  29          {
  30   1        Count++;
  31   1        TH0 = 64535/256;
  32   1        TL0 = 64535%256;
  33   1        if (Count >= 500)
  34   1        {
  35   2          Count = 0;
  36   2          if(LEDMode == 0)
  37   2          {
  38   3            P2=_crol_(P2,1);
  39   3          }
  40   2          if(LEDMode == 1)
  41   2          {
  42   3            P2=_cror_(P2,1);
  43   3          }
  44   2        }
  45   1        
  46   1      }


MODULE INFORMATION:   STATIC OVERLAYABLE
   CODE SIZE        =    120    ----
   CONSTANT SIZE    =   ----    ----
   XDATA SIZE       =   ----    ----
   PDATA SIZE       =   ----    ----
   DATA SIZE        =      4    ----
C51 COMPILER V9.54   MAIN                                                                  06/14/2026 16:46:29 PAGE 2   

   IDATA SIZE       =   ----    ----
   BIT SIZE         =   ----    ----
END OF MODULE INFORMATION.


C51 COMPILATION COMPLETE.  0 WARNING(S),  0 ERROR(S)
