C51 COMPILER V9.54   MAIN                                                                  06/11/2026 20:33:14 PAGE 1   


C51 COMPILER V9.54, COMPILATION OF MODULE MAIN
OBJECT MODULE PLACED IN .\Objects\main.obj
COMPILER INVOKED BY: D:\k5\C51\BIN\C51.EXE main.c OPTIMIZE(8,SPEED) BROWSE DEBUG OBJECTEXTEND PRINT(.\Listings\main.lst)
                    - TABS(2) OBJECT(.\Objects\main.obj)

line level    source

   1          #include <REGX52.H>
   2          
   3          unsigned char NixieTable[] = {0x3F,0x06,0x5B,0x4F,0x66,0x6D,0x7D,0x07,0x7F,0X6F};
   4          
   5          void Delay1ms(unsigned int ms)    //@12.000MHz
   6          {
   7   1        unsigned char i, j;
   8   1        
   9   1        while(ms--)
  10   1        {
  11   2          i = 12;
  12   2        j = 169;
  13   2        do
  14   2        {
  15   3          while (--j);
  16   3        } while (--i);
  17   2        }
  18   1        
  19   1      }
  20          
  21          
  22          void Nixie(unsigned char Location,Number)
  23          {
  24   1        switch(Location)
  25   1        {
  26   2          case 1:P2_4=1;P2_3=1;P2_2=1;break;
  27   2          case 2:P2_4=1;P2_3=1;P2_2=0;break;
  28   2          case 3:P2_4=1;P2_3=0;P2_2=1;break;
  29   2          case 4:P2_4=1;P2_3=0;P2_2=0;break;
  30   2          case 5:P2_4=0;P2_3=1;P2_2=1;break;
  31   2          case 6:P2_4=0;P2_3=1;P2_2=0;break;
  32   2          case 7:P2_4=0;P2_3=0;P2_2=1;break;
  33   2          case 8:P2_4=0;P2_3=0;P2_2=0;break;
  34   2        }
  35   1        P0 = NixieTable[Number];
  36   1        Delay1ms(1);
  37   1        P0=0x00;
  38   1      }
  39          
  40          void main()
  41          {
  42   1        
  43   1        while(1){
  44   2      
  45   2           Nixie(1,1);
  46   2      
  47   2           Nixie(2,2);
  48   2      
  49   2           Nixie(3,3);
  50   2      
  51   2        }
  52   1      }


C51 COMPILER V9.54   MAIN                                                                  06/11/2026 20:33:14 PAGE 2   

MODULE INFORMATION:   STATIC OVERLAYABLE
   CODE SIZE        =    159    ----
   CONSTANT SIZE    =   ----    ----
   XDATA SIZE       =   ----    ----
   PDATA SIZE       =   ----    ----
   DATA SIZE        =     10    ----
   IDATA SIZE       =   ----    ----
   BIT SIZE         =   ----    ----
END OF MODULE INFORMATION.


C51 COMPILATION COMPLETE.  0 WARNING(S),  0 ERROR(S)
