C51 COMPILER V9.54   DS1302                                                                06/17/2026 21:51:01 PAGE 1   


C51 COMPILER V9.54, COMPILATION OF MODULE DS1302
OBJECT MODULE PLACED IN .\Objects\DS1302.obj
COMPILER INVOKED BY: D:\k5\C51\BIN\C51.EXE DS1302.c OPTIMIZE(8,SPEED) BROWSE DEBUG OBJECTEXTEND PRINT(.\Listings\DS1302.
                    -lst) TABS(2) OBJECT(.\Objects\DS1302.obj)

line level    source

   1          #include <REGX52.H>
   2          
   3          sbit DS1302_SCLK = P3^6;
   4          sbit DS1302_IO = P3^4;
   5          sbit DS1302_CE = P3^5;
   6          
   7          #define DS1302_SECOND 0x80
   8          #define DS1302_MINUTE 0x82
   9          #define DS1302_HOUR 0x84
  10          #define DS1302_DATE 0x86
  11          #define DS1302_MONTH 0x88
  12          #define DS1302_DAY 0x8A
  13          #define DS1302_YEAR 0x8C
  14          #define DS1302_WP 0x8E
  15          
  16          unsigned char DS1302_Time[]={19,11,16,12,59,55,6};
  17          
  18          void DS1302_Init(void)
  19          {
  20   1        DS1302_CE = 0;
  21   1        DS1302_SCLK = 0;
  22   1      }
  23          
  24          void DS1302_WriteByte(unsigned char Command,Data)
  25          {
  26   1        unsigned char i;
  27   1        DS1302_CE = 1;
  28   1        
  29   1        for(i=0;i<8;i++)
  30   1        {
  31   2          DS1302_IO = Command&(0x01<<i);
  32   2          DS1302_SCLK = 1;
  33   2          DS1302_SCLK = 0;
  34   2        }
  35   1        
  36   1        for(i=0;i<8;i++)
  37   1        {
  38   2          DS1302_IO = Data&(0x01<<i);
  39   2          DS1302_SCLK = 1;
  40   2          DS1302_SCLK = 0;
  41   2        }
  42   1        DS1302_CE = 0;
  43   1      }
  44          
  45          
  46          char DS1302_ReadByte(unsigned char Command)
  47          {
  48   1        unsigned char i,Data = 0x00;
  49   1        Command|=0x01;
  50   1        DS1302_CE = 1;
  51   1        
  52   1        for(i=0;i<8;i++)
  53   1        {
  54   2          DS1302_IO = Command&(0x01<<i);
C51 COMPILER V9.54   DS1302                                                                06/17/2026 21:51:01 PAGE 2   

  55   2          DS1302_SCLK = 0;
  56   2          DS1302_SCLK = 1;
  57   2        }
  58   1         
  59   1        for(i=0;i<8;i++)
  60   1        {
  61   2          DS1302_SCLK = 1;
  62   2          DS1302_SCLK = 0;
  63   2          if(DS1302_IO){
  64   3            Data|=(0x01<<i);
  65   3          }
  66   2        }
  67   1        DS1302_CE = 0;
  68   1        DS1302_IO = 0;
  69   1        return Data;
  70   1      }
  71          
  72          void DS1302_SetTime(void)
  73          {
  74   1        DS1302_WriteByte(DS1302_WP,0x00);
  75   1        DS1302_WriteByte(DS1302_YEAR,DS1302_Time[0]/10*16+DS1302_Time[0]%10);
  76   1        DS1302_WriteByte(DS1302_MONTH,DS1302_Time[1]/10*16+DS1302_Time[0]%10);
  77   1        DS1302_WriteByte(DS1302_DATE,DS1302_Time[2]/10*16+DS1302_Time[0]%10);
  78   1        DS1302_WriteByte(DS1302_HOUR,DS1302_Time[3]/10*16+DS1302_Time[0]%10);
  79   1        DS1302_WriteByte(DS1302_MINUTE,DS1302_Time[4]/10*16+DS1302_Time[0]%10);
  80   1        DS1302_WriteByte(DS1302_SECOND,DS1302_Time[5]/10*16+DS1302_Time[0]%10);
  81   1        DS1302_WriteByte(DS1302_DAY,DS1302_Time[6]/10*16+DS1302_Time[0]%10);
  82   1        DS1302_WriteByte(DS1302_WP,0x80); 
  83   1      }
  84          
  85          void DS1302_GetTime(void)
  86          {
  87   1        unsigned Temp;
  88   1        Temp=DS1302_ReadByte(DS1302_YEAR);
  89   1        DS1302_Time[0]=Temp/16*10+Temp%16;
  90   1        Temp=DS1302_ReadByte(DS1302_MONTH);
  91   1        DS1302_Time[1]=Temp/16*10+Temp%16;
  92   1        Temp=DS1302_ReadByte(DS1302_DATE);
  93   1        DS1302_Time[2]=Temp/16*10+Temp%16;
  94   1        Temp=DS1302_ReadByte(DS1302_HOUR);
  95   1        DS1302_Time[3]=Temp/16*10+Temp%16;
  96   1        Temp=DS1302_ReadByte(DS1302_MINUTE);
  97   1        DS1302_Time[4]=Temp/16*10+Temp%16;
  98   1        Temp=DS1302_ReadByte(DS1302_SECOND);
  99   1        DS1302_Time[5]=Temp/16*10+Temp%16;
 100   1        Temp=DS1302_ReadByte(DS1302_DAY);
 101   1        DS1302_Time[6]=Temp/16*10+Temp%16;
 102   1      }


MODULE INFORMATION:   STATIC OVERLAYABLE
   CODE SIZE        =    641    ----
   CONSTANT SIZE    =   ----    ----
   XDATA SIZE       =   ----    ----
   PDATA SIZE       =   ----    ----
   DATA SIZE        =      7       2
   IDATA SIZE       =   ----    ----
   BIT SIZE         =   ----    ----
END OF MODULE INFORMATION.


C51 COMPILATION COMPLETE.  0 WARNING(S),  0 ERROR(S)
