C51 COMPILER V9.54   MAIN                                                                  06/14/2026 11:33:35 PAGE 1   


C51 COMPILER V9.54, COMPILATION OF MODULE MAIN
OBJECT MODULE PLACED IN .\Objects\main.obj
COMPILER INVOKED BY: D:\k5\C51\BIN\C51.EXE main.c OPTIMIZE(8,SPEED) BROWSE DEBUG OBJECTEXTEND PRINT(.\Listings\main.lst)
                    - TABS(2) OBJECT(.\Objects\main.obj)

line level    source

   1          #include <REGX52.H>
   2          #include "Delay.h"
   3          #include "LCD1602.h"
   4          #include "MatrixKey.h"
   5          
   6          unsigned char KeyNum;
   7          unsigned int Password,Count;
   8          
   9          void main()
  10          {
  11   1        LCD_Init();
  12   1        LCD_ShowString(1,1,"Password:");
  13   1        while(1)
  14   1        {
  15   2          KeyNum=MatrixKey();
  16   2          if(KeyNum)
  17   2          {
  18   3            
  19   3            if(KeyNum <= 10)
  20   3          {
  21   4      //      LCD_ShowNum(2,8,KeyNum,2);
  22   4            if(Count < 4)
  23   4            {
  24   5               Password*=10;
  25   5               Password += KeyNum % 10;
  26   5               Count++;
  27   5            }
  28   4             LCD_ShowNum(2,1,Password,4);
  29   4          }
  30   3          if(KeyNum == 11)
  31   3          {
  32   4           if(Password==2345)
  33   4           {
  34   5            LCD_ShowString(1,14,"OK ");
  35   5            Password = 0;
  36   5            Count = 0;
  37   5            LCD_ShowNum(2,1,Password,4);
  38   5           }
  39   4           else
  40   4           {
  41   5            LCD_ShowString(1,14,"ERR");
  42   5            Password = 0;
  43   5            Count = 0;
  44   5            LCD_ShowNum(2,1,Password,4);
  45   5           }
  46   4          }
  47   3          if(KeyNum == 12)
  48   3          {
  49   4            Password = 0;
  50   4            Count = 0;
  51   4            LCD_ShowNum(2,1,Password,4);
  52   4            LCD_ShowString(1,14,"   ");
  53   4          }
  54   3          
C51 COMPILER V9.54   MAIN                                                                  06/14/2026 11:33:35 PAGE 2   

  55   3          }
  56   2          
  57   2        
  58   2        }
  59   1      }


MODULE INFORMATION:   STATIC OVERLAYABLE
   CODE SIZE        =    202    ----
   CONSTANT SIZE    =     22    ----
   XDATA SIZE       =   ----    ----
   PDATA SIZE       =   ----    ----
   DATA SIZE        =      5    ----
   IDATA SIZE       =   ----    ----
   BIT SIZE         =   ----    ----
END OF MODULE INFORMATION.


C51 COMPILATION COMPLETE.  0 WARNING(S),  0 ERROR(S)
