C51 COMPILER V9.54   MAIN                                                                  06/15/2026 21:18:03 PAGE 1   


C51 COMPILER V9.54, COMPILATION OF MODULE MAIN
OBJECT MODULE PLACED IN .\Objects\main.obj
COMPILER INVOKED BY: D:\k5\C51\BIN\C51.EXE main.c OPTIMIZE(8,SPEED) BROWSE DEBUG OBJECTEXTEND PRINT(.\Listings\main.lst)
                    - TABS(2) OBJECT(.\Objects\main.obj)

line level    source

   1          #include <REGX52.H>
   2          #include "Delay.h"
   3          #include "UART.h"
*** WARNING C323 IN LINE 1 OF UART.h: newline expected, extra characters found
   4          
   5          unsigned char Sec;
   6          
   7          void main()
   8          {
   9   1         UART_Init();
  10   1         while(1)
  11   1         {
  12   2           
  13   2         }
  14   1      }
  15          
  16          void URAT_Routine() interrupt 4
  17          {
  18   1        if(RI == 1)
  19   1        {
  20   2          P2=~SBUF;
  21   2          UART_SendByte(SBUF);
  22   2          RI=0;
  23   2        }
  24   1      }


MODULE INFORMATION:   STATIC OVERLAYABLE
   CODE SIZE        =     76    ----
   CONSTANT SIZE    =   ----    ----
   XDATA SIZE       =   ----    ----
   PDATA SIZE       =   ----    ----
   DATA SIZE        =      1    ----
   IDATA SIZE       =   ----    ----
   BIT SIZE         =   ----    ----
END OF MODULE INFORMATION.


C51 COMPILATION COMPLETE.  1 WARNING(S),  0 ERROR(S)
